Using pre-set license
Built from '2020.3/staging' branch; Version is '2020.3.14f1 (d0d1bb862f9d) revision 13685179'; Using compiler version '192528614'; Build Type 'Release'
OS: 'Windows 10 Home; OS build 19043.1237; Version 2009; 64bit' Language: 'en' Physical Memory: 32720 MB
BatchMode: 1, IsHumanControllingUs: 0, StartBugReporterOnCrash: 0, Is64bit: 1, IsPro: 0

 COMMAND LINE ARGUMENTS:
E:\Unity\2020.3.14f1\Editor\Unity.exe
-adb2
-batchMode
-noUpm
-name
AssetImportWorker0
-projectPath
C:/Users/feart/OneDrive/Documents/School/CapPebble/Capstone
-logFile
Logs/AssetImportWorker0.log
-srvPort
57261
Successfully changed project path to: C:/Users/feart/OneDrive/Documents/School/CapPebble/Capstone
C:/Users/feart/OneDrive/Documents/School/CapPebble/Capstone
Using Asset Import Pipeline V2.
Refreshing native plugins compatible for Editor in 77.60 ms, found 2 plugins.
Preloading 0 native plugins for Editor in 0.00 ms.
Initialize engine version: 2020.3.14f1 (d0d1bb862f9d)
[Subsystems] Discovering subsystems at path E:/Unity/2020.3.14f1/Editor/Data/Resources/UnitySubsystems
[Subsystems] Discovering subsystems at path C:/Users/feart/OneDrive/Documents/School/CapPebble/Capstone/Assets
GfxDevice: creating device client; threaded=0
Direct3D:
    Version:  Direct3D 11.0 [level 11.1]
    Renderer: NVIDIA GeForce GTX 1080 (ID=0x1b80)
    Vendor:   
    VRAM:     8079 MB
    Driver:   30.0.14.7141
Shader 'Universal Render Pipeline/Particles/Lit': fallback shader 'Universal Render Pipeline/Particles/SimpleLit' not found
Initialize mono
Mono path[0] = 'E:/Unity/2020.3.14f1/Editor/Data/Managed'
Mono path[1] = 'E:/Unity/2020.3.14f1/Editor/Data/MonoBleedingEdge/lib/mono/unityjit'
Mono config path = 'E:/Unity/2020.3.14f1/Editor/Data/MonoBleedingEdge/etc'
Using monoOptions --debugger-agent=transport=dt_socket,embedding=1,server=y,suspend=n,address=127.0.0.1:56456
Begin MonoManager ReloadAssembly
Registering precompiled unity dll's ...
Register platform support module: E:/Unity/2020.3.14f1/Editor/Data/PlaybackEngines/WebGLSupport/UnityEditor.WebGL.Extensions.dll
Register platform support module: E:/Unity/2020.3.14f1/Editor/Data/PlaybackEngines/MacStandaloneSupport/UnityEditor.OSXStandalone.Extensions.dll
Register platform support module: E:/Unity/2020.3.14f1/Editor/Data/PlaybackEngines/WindowsStandaloneSupport/UnityEditor.WindowsStandalone.Extensions.dll
Register platform support module: E:/Unity/2020.3.14f1/Editor/Data/PlaybackEngines/LinuxStandaloneSupport/UnityEditor.LinuxStandalone.Extensions.dll
Registered in 0.002272 seconds.
Native extension for LinuxStandalone target not found
Native extension for WindowsStandalone target not found
Native extension for OSXStandalone target not found
Native extension for WebGL target not found
Refreshing native plugins compatible for Editor in 77.31 ms, found 2 plugins.
Preloading 0 native plugins for Editor in 0.00 ms.
Mono: successfully reloaded assembly
- Completed reload, in  1.297 seconds
Domain Reload Profiling:
	ReloadAssembly (1298ms)
		BeginReloadAssembly (60ms)
			ExecutionOrderSort (0ms)
			DisableScriptedObjects (0ms)
			BackupInstance (0ms)
			ReleaseScriptingObjects (0ms)
			CreateAndSetChildDomain (1ms)
		EndReloadAssembly (519ms)
			LoadAssemblies (60ms)
			RebuildTransferFunctionScriptingTraits (0ms)
			SetupTypeCache (178ms)
			ReleaseScriptCaches (0ms)
			RebuildScriptCaches (32ms)
			SetupLoadedEditorAssemblies (227ms)
				LogAssemblyErrors (0ms)
				InitializePlatformSupportModulesInManaged (7ms)
				SetLoadedEditorAssemblies (0ms)
				RefreshPlugins (77ms)
				BeforeProcessingInitializeOnLoad (18ms)
				ProcessInitializeOnLoadAttributes (93ms)
				ProcessInitializeOnLoadMethodAttributes (31ms)
				AfterProcessingInitializeOnLoad (0ms)
				EditorAssembliesLoaded (0ms)
			ExecutionOrderSort2 (0ms)
			AwakeInstancesAfterBackupRestoration (0ms)
Platform modules already initialized, skipping
Registering precompiled user dll's ...
Registered in 0.007299 seconds.
Begin MonoManager ReloadAssembly
Native extension for LinuxStandalone target not found
Native extension for WindowsStandalone target not found
Native extension for OSXStandalone target not found
Native extension for WebGL target not found
Refreshing native plugins compatible for Editor in 78.37 ms, found 2 plugins.
Preloading 0 native plugins for Editor in 0.00 ms.
Mono: successfully reloaded assembly
- Completed reload, in  1.407 seconds
Domain Reload Profiling:
	ReloadAssembly (1408ms)
		BeginReloadAssembly (174ms)
			ExecutionOrderSort (0ms)
			DisableScriptedObjects (5ms)
			BackupInstance (0ms)
			ReleaseScriptingObjects (0ms)
			CreateAndSetChildDomain (24ms)
		EndReloadAssembly (1162ms)
			LoadAssemblies (122ms)
			RebuildTransferFunctionScriptingTraits (0ms)
			SetupTypeCache (384ms)
			ReleaseScriptCaches (1ms)
			RebuildScriptCaches (60ms)
			SetupLoadedEditorAssemblies (446ms)
				LogAssemblyErrors (0ms)
				InitializePlatformSupportModulesInManaged (7ms)
				SetLoadedEditorAssemblies (0ms)
				RefreshPlugins (79ms)
				BeforeProcessingInitializeOnLoad (118ms)
				ProcessInitializeOnLoadAttributes (229ms)
				ProcessInitializeOnLoadMethodAttributes (11ms)
				AfterProcessingInitializeOnLoad (3ms)
				EditorAssembliesLoaded (0ms)
			ExecutionOrderSort2 (0ms)
			AwakeInstancesAfterBackupRestoration (7ms)
Platform modules already initialized, skipping
========================================================================
Worker process is ready to serve import requests
Shader 'Universal Render Pipeline/Particles/Lit': fallback shader 'Universal Render Pipeline/Particles/SimpleLit' not found
Launched and connected shader compiler UnityShaderCompiler.exe after 0.13 seconds
Refreshing native plugins compatible for Editor in 0.91 ms, found 2 plugins.
Preloading 0 native plugins for Editor in 0.00 ms.
Unloading 2992 Unused Serialized files (Serialized files now loaded: 0)
System memory in use before: 217.4 MB.
System memory in use after: 217.5 MB.

Unloading 24 unused Assets to reduce memory usage. Loaded Objects now: 3439.
Total: 3.399600 ms (FindLiveObjects: 0.406300 ms CreateObjectMapping: 0.092700 ms MarkObjects: 2.733500 ms  DeleteObjects: 0.164700 ms)

AssetImportParameters requested are different than current active one (requested -> active):
  custom:framework-win-MediaFoundation: 216162199b28c13a410421893ffa2e32 -> 
  custom:video-decoder-ogg-theora: a1e56fd34408186e4bbccfd4996cb3dc -> 
  custom:container-muxer-webm: aa71ff27fc2769a1b78a27578f13a17b -> 
  custom:container-demuxer-webm: 4f35f7cbe854078d1ac9338744f61a02 -> 
  custom:container-demuxer-ogg: 62fdf1f143b41e24485cea50d1cbac27 -> 
  custom:video-encoder-webm-vp8: eb34c28f22e8b96e1ab97ce403110664 -> 
  custom:video-decoder-webm-vp8: 9c59270c3fd7afecdb556c50c9e8de78 -> 
  custom:audio-decoder-ogg-vorbis: bf7c407c2cedff20999df2af8eb42d56 -> 
  custom:audio-encoder-webm-vorbis: bf7c407c2cedff20999df2af8eb42d56 -> 
========================================================================
Received Import Request.
  path: Assets/Assets_FenceChained/prefabs/chainlink_group-1.prefab
  artifactKey: Guid(2ebdc32c603c0f74a8df3ff23c55e8e0) Importer(815301076,1909f56bfc062723c751e8b465ee728b)
Start importing Assets/Assets_FenceChained/prefabs/chainlink_group-1.prefab using Guid(2ebdc32c603c0f74a8df3ff23c55e8e0) Importer(815301076,1909f56bfc062723c751e8b465ee728b)  -> (artifact id: '5fc37b29b79b79ffa396c10a1fb56a8d') in 0.723589 seconds 
  Import took 0.729911 seconds .

========================================================================
Received Import Request.
  Time since last request: 0.007317 seconds.
  path: Assets/Assets_FenceChained/prefabs/chainlink_barbwire-3.prefab
  artifactKey: Guid(a52d55d99a7b23e42b2d401f956a3e52) Importer(815301076,1909f56bfc062723c751e8b465ee728b)
Start importing Assets/Assets_FenceChained/prefabs/chainlink_barbwire-3.prefab using Guid(a52d55d99a7b23e42b2d401f956a3e52) Importer(815301076,1909f56bfc062723c751e8b465ee728b)  -> (artifact id: '3790c485afd4d50f424357d4786f1ed0') in 0.020985 seconds 
  Import took 0.026801 seconds .

========================================================================
Received Import Request.
  Time since last request: 0.000476 seconds.
  path: Assets/Assets_FenceChained/prefabs/chainlink_single.prefab
  artifactKey: Guid(ecc15abaa2d4963428bdf7fc9eb09410) Importer(815301076,1909f56bfc062723c751e8b465ee728b)
Start importing Assets/Assets_FenceChained/prefabs/chainlink_single.prefab using Guid(ecc15abaa2d4963428bdf7fc9eb09410) Importer(815301076,1909f56bfc062723c751e8b465ee728b)  -> (artifact id: '34afbdf127aa05676e8e57af422387ca') in 0.019059 seconds 
  Import took 0.024553 seconds .

========================================================================
Received Import Request.
  Time since last request: 0.000428 seconds.
  path: Assets/Assets_FenceChained/prefabs/chainlink_group-3.prefab
  artifactKey: Guid(377c57e9ef0ee0e46a586ad087ef386b) Importer(815301076,1909f56bfc062723c751e8b465ee728b)
Start importing Assets/Assets_FenceChained/prefabs/chainlink_group-3.prefab using Guid(377c57e9ef0ee0e46a586ad087ef386b) Importer(815301076,1909f56bfc062723c751e8b465ee728b)  -> (artifact id: 'dfcd5a9c86c9a16a5cadb9d84e71d9ba') in 0.019013 seconds 
  Import took 0.024629 seconds .

========================================================================
Received Import Request.
  Time since last request: 0.000425 seconds.
  path: Assets/Assets_FenceChained/prefabs/chainlink_group-2.prefab
  artifactKey: Guid(df9c3c7aaeeef154bb7184ad6f179ece) Importer(815301076,1909f56bfc062723c751e8b465ee728b)
Start importing Assets/Assets_FenceChained/prefabs/chainlink_group-2.prefab using Guid(df9c3c7aaeeef154bb7184ad6f179ece) Importer(815301076,1909f56bfc062723c751e8b465ee728b)  -> (artifact id: 'a27f6ba8785665993c23c68fb3584823') in 0.018227 seconds 
  Import took 0.024642 seconds .

========================================================================
Received Import Request.
  Time since last request: 0.000428 seconds.
  path: Assets/Assets_FenceChained/prefabs/chainlink_group-3.prefab
  artifactKey: Guid(377c57e9ef0ee0e46a586ad087ef386b) Importer(815301076,1909f56bfc062723c751e8b465ee728b)
Start importing Assets/Assets_FenceChained/prefabs/chainlink_group-3.prefab using Guid(377c57e9ef0ee0e46a586ad087ef386b) Importer(815301076,1909f56bfc062723c751e8b465ee728b)  -> (artifact id: 'dfcd5a9c86c9a16a5cadb9d84e71d9ba') in 0.015780 seconds 
  Import took 0.021494 seconds .

========================================================================
Received Import Request.
  Time since last request: 0.000465 seconds.
  path: Assets/Assets_FenceChained/prefabs/chainlink_barbwire-2.prefab
  artifactKey: Guid(fb4bde335e6d1754f8cd33e1b30a65aa) Importer(815301076,1909f56bfc062723c751e8b465ee728b)
Start importing Assets/Assets_FenceChained/prefabs/chainlink_barbwire-2.prefab using Guid(fb4bde335e6d1754f8cd33e1b30a65aa) Importer(815301076,1909f56bfc062723c751e8b465ee728b)  -> (artifact id: '8a8cffd2c6c417128ca544f998eed847') in 0.018354 seconds 
  Import took 0.024626 seconds .

========================================================================
Received Import Request.
  Time since last request: 0.000496 seconds.
  path: Assets/Assets_FenceChained/prefabs/chainlink_barbwire-1.prefab
  artifactKey: Guid(7bf1a4b26f0d5e7419b64deced1cecd3) Importer(815301076,1909f56bfc062723c751e8b465ee728b)
Start importing Assets/Assets_FenceChained/prefabs/chainlink_barbwire-1.prefab using Guid(7bf1a4b26f0d5e7419b64deced1cecd3) Importer(815301076,1909f56bfc062723c751e8b465ee728b)  -> (artifact id: 'a8ca6f494248d7cce1a54e078393da17') in 0.018526 seconds 
  Import took 0.024178 seconds .

========================================================================
Received Import Request.
  Time since last request: 179.437502 seconds.
  path: Assets/Assets_FenceChained/models
  artifactKey: Guid(e1f2893f500389e4280bac79fd8be6bd) Importer(815301076,1909f56bfc062723c751e8b465ee728b)
Start importing Assets/Assets_FenceChained/models using Guid(e1f2893f500389e4280bac79fd8be6bd) Importer(815301076,1909f56bfc062723c751e8b465ee728b)  -> (artifact id: '4d7490bb49c664c5f1f954c878ffe1d3') in 0.006038 seconds 
  Import took 0.011593 seconds .

========================================================================
Received Import Request.
  Time since last request: 0.179319 seconds.
  path: Assets/Assets_FenceChained/models
  artifactKey: Guid(e1f2893f500389e4280bac79fd8be6bd) Importer(815301076,1909f56bfc062723c751e8b465ee728b)
Start importing Assets/Assets_FenceChained/models using Guid(e1f2893f500389e4280bac79fd8be6bd) Importer(815301076,1909f56bfc062723c751e8b465ee728b)  -> (artifact id: '4d7490bb49c664c5f1f954c878ffe1d3') in 0.004444 seconds 
  Import took 0.009943 seconds .

========================================================================
Received Import Request.
  Time since last request: 0.017580 seconds.
  path: Assets/Assets_FenceChained/models/chainlink_barbwire-1.FBX
  artifactKey: Guid(a352243a7ef767044a66e3541605f536) Importer(815301076,1909f56bfc062723c751e8b465ee728b)
Start importing Assets/Assets_FenceChained/models/chainlink_barbwire-1.FBX using Guid(a352243a7ef767044a66e3541605f536) Importer(815301076,1909f56bfc062723c751e8b465ee728b)  -> (artifact id: '7b38c5d061f815aa6e026ce5370be57f') in 0.305645 seconds 
  Import took 0.311586 seconds .

========================================================================
Received Import Request.
  Time since last request: 0.000417 seconds.
  path: Assets/Assets_FenceChained/models/chainlink_barbwire-2.FBX
  artifactKey: Guid(32337b2ced4e84f419f3bc3231bb7a49) Importer(815301076,1909f56bfc062723c751e8b465ee728b)
Start importing Assets/Assets_FenceChained/models/chainlink_barbwire-2.FBX using Guid(32337b2ced4e84f419f3bc3231bb7a49) Importer(815301076,1909f56bfc062723c751e8b465ee728b)  -> (artifact id: '3be58205e323522e35bff96c17897e75') in 0.037145 seconds 
  Import took 0.042716 seconds .

========================================================================
Received Import Request.
  Time since last request: 0.000409 seconds.
  path: Assets/Assets_FenceChained/models/chainlink_group-2.FBX
  artifactKey: Guid(b96fc74c65fd9db40bfde7740f7a9d17) Importer(815301076,1909f56bfc062723c751e8b465ee728b)
Start importing Assets/Assets_FenceChained/models/chainlink_group-2.FBX using Guid(b96fc74c65fd9db40bfde7740f7a9d17) Importer(815301076,1909f56bfc062723c751e8b465ee728b)  -> (artifact id: 'dd623c78b78569bda3055a8758ec5ef4') in 0.035955 seconds 
  Import took 0.041511 seconds .

========================================================================
Received Import Request.
  Time since last request: 0.000532 seconds.
  path: Assets/Assets_FenceChained/models/chainlink_group-3.FBX
  artifactKey: Guid(fccc49bf3e108b94c8202230c83d6e92) Importer(815301076,1909f56bfc062723c751e8b465ee728b)
Start importing Assets/Assets_FenceChained/models/chainlink_group-3.FBX using Guid(fccc49bf3e108b94c8202230c83d6e92) Importer(815301076,1909f56bfc062723c751e8b465ee728b)  -> (artifact id: 'b543ed7babeb3a9747f34b85974f1d62') in 0.035647 seconds 
  Import took 0.041214 seconds .

========================================================================
Received Import Request.
  Time since last request: 0.000393 seconds.
  path: Assets/Assets_FenceChained/models/chainlink_group-1.FBX
  artifactKey: Guid(9a054218110e7774cb00b700ee363f87) Importer(815301076,1909f56bfc062723c751e8b465ee728b)
Start importing Assets/Assets_FenceChained/models/chainlink_group-1.FBX using Guid(9a054218110e7774cb00b700ee363f87) Importer(815301076,1909f56bfc062723c751e8b465ee728b)  -> (artifact id: '3c8ec4e7736618fb2e6c4336239cc379') in 0.036059 seconds 
  Import took 0.041612 seconds .

========================================================================
Received Import Request.
  Time since last request: 0.000431 seconds.
  path: Assets/Assets_FenceChained/models/chainlink_single.FBX
  artifactKey: Guid(73c2999be80b3be4e816d348fea624e1) Importer(815301076,1909f56bfc062723c751e8b465ee728b)
Start importing Assets/Assets_FenceChained/models/chainlink_single.FBX using Guid(73c2999be80b3be4e816d348fea624e1) Importer(815301076,1909f56bfc062723c751e8b465ee728b)  -> (artifact id: '16dc8afa1e9e683ecb06eee44beb1438') in 0.036539 seconds 
  Import took 0.042016 seconds .

========================================================================
Received Import Request.
  Time since last request: 0.000436 seconds.
  path: Assets/Assets_FenceChained/models/chainlink_barbwire-3.FBX
  artifactKey: Guid(7ad6fa53f59b2944dbbdfaf6c7226bf0) Importer(815301076,1909f56bfc062723c751e8b465ee728b)
Start importing Assets/Assets_FenceChained/models/chainlink_barbwire-3.FBX using Guid(7ad6fa53f59b2944dbbdfaf6c7226bf0) Importer(815301076,1909f56bfc062723c751e8b465ee728b)  -> (artifact id: '525a573fbfcd7859030edd78485e1dfb') in 0.038837 seconds 
  Import took 0.044564 seconds .

========================================================================
Received Import Request.
  Time since last request: 0.000433 seconds.
  path: Assets/Assets_FenceChained/models/floor-1.FBX
  artifactKey: Guid(59d11a29ed531044fbe8f24d3fc183d6) Importer(815301076,1909f56bfc062723c751e8b465ee728b)
Start importing Assets/Assets_FenceChained/models/floor-1.FBX using Guid(59d11a29ed531044fbe8f24d3fc183d6) Importer(815301076,1909f56bfc062723c751e8b465ee728b)  -> (artifact id: '49fb3dd4e0e7ba288b3868cc821ea93b') in 0.053293 seconds 
  Import took 0.058818 seconds .

========================================================================
Received Import Request.
  Time since last request: 1.651419 seconds.
  path: Assets/Assets_FenceChained/models/Materials
  artifactKey: Guid(4a897b1cce80e454f86c80386b5f7d2d) Importer(815301076,1909f56bfc062723c751e8b465ee728b)
Start importing Assets/Assets_FenceChained/models/Materials using Guid(4a897b1cce80e454f86c80386b5f7d2d) Importer(815301076,1909f56bfc062723c751e8b465ee728b)  -> (artifact id: 'e96a126a471798a5dec1da0096fdf5d1') in 0.004564 seconds 
  Import took 0.010263 seconds .

========================================================================
Received Import Request.
  Time since last request: 0.063911 seconds.
  path: Assets/Assets_FenceChained/models/Materials/airport_concrete-1.mat
  artifactKey: Guid(957c90fba6629bc468679c7ec47127f7) Importer(815301076,1909f56bfc062723c751e8b465ee728b)
Start importing Assets/Assets_FenceChained/models/Materials/airport_concrete-1.mat using Guid(957c90fba6629bc468679c7ec47127f7) Importer(815301076,1909f56bfc062723c751e8b465ee728b)  -> (artifact id: 'c2a32d4e04d4c0659d2b1ce2a588ff18') in 0.031037 seconds 
  Import took 0.037053 seconds .

========================================================================
Received Import Request.
  Time since last request: 0.000429 seconds.
  path: Assets/Assets_FenceChained/models/Materials/metal_fence-1_specular.tga
  artifactKey: Guid(2ca69883c541ffa4c9a496e6178c90ac) Importer(815301076,1909f56bfc062723c751e8b465ee728b)
Start importing Assets/Assets_FenceChained/models/Materials/metal_fence-1_specular.tga using Guid(2ca69883c541ffa4c9a496e6178c90ac) Importer(815301076,1909f56bfc062723c751e8b465ee728b)  -> (artifact id: '637213bc9d55b691fce09d6e5f1d1104') in 0.032448 seconds 
  Import took 0.037717 seconds .

========================================================================
Received Import Request.
  Time since last request: 0.000452 seconds.
  path: Assets/Assets_FenceChained/models/Materials/metal_fence-1.tga
  artifactKey: Guid(752d7d5c2778f3a47b36be0aeb798dc7) Importer(815301076,1909f56bfc062723c751e8b465ee728b)
Start importing Assets/Assets_FenceChained/models/Materials/metal_fence-1.tga using Guid(752d7d5c2778f3a47b36be0aeb798dc7) Importer(815301076,1909f56bfc062723c751e8b465ee728b)  -> (artifact id: 'd19982f516d4554098616c5fdd7e793d') in 0.013319 seconds 
  Import took 0.018807 seconds .

========================================================================
Received Import Request.
  Time since last request: 0.000389 seconds.
  path: Assets/Assets_FenceChained/models/Materials/metal_fence-1_NORMAL.tga
  artifactKey: Guid(e743dc00728506548928e9e8468102a7) Importer(815301076,1909f56bfc062723c751e8b465ee728b)
Start importing Assets/Assets_FenceChained/models/Materials/metal_fence-1_NORMAL.tga using Guid(e743dc00728506548928e9e8468102a7) Importer(815301076,1909f56bfc062723c751e8b465ee728b)  -> (artifact id: '48c3c684b7efbb8e819f83c49b1f4bf6') in 0.015911 seconds 
  Import took 0.024512 seconds .

========================================================================
Received Import Request.
  Time since last request: 0.000418 seconds.
  path: Assets/Assets_FenceChained/models/Materials/panel-1.tga
  artifactKey: Guid(e3681018215f6b4449e81c0742db7af4) Importer(815301076,1909f56bfc062723c751e8b465ee728b)
Start importing Assets/Assets_FenceChained/models/Materials/panel-1.tga using Guid(e3681018215f6b4449e81c0742db7af4) Importer(815301076,1909f56bfc062723c751e8b465ee728b)  -> (artifact id: '9afd4e7701b82488e5d55f4de4f45a98') in 0.015452 seconds 
  Import took 0.021201 seconds .

========================================================================
Received Import Request.
  Time since last request: 0.000471 seconds.
  path: Assets/Assets_FenceChained/models/Materials/panel-1_NORMAL.tga
  artifactKey: Guid(57d64eea2a2879e47a58c9a26d7817fe) Importer(815301076,1909f56bfc062723c751e8b465ee728b)
Start importing Assets/Assets_FenceChained/models/Materials/panel-1_NORMAL.tga using Guid(57d64eea2a2879e47a58c9a26d7817fe) Importer(815301076,1909f56bfc062723c751e8b465ee728b)  -> (artifact id: 'd8a0aa554308d8786350e1f44bf1b743') in 0.021195 seconds 
  Import took 0.026697 seconds .

========================================================================
Received Import Request.
  Time since last request: 0.000461 seconds.
  path: Assets/Assets_FenceChained/models/Materials/panel-1_specular.tga
  artifactKey: Guid(eb92160a9148f754baa941186d9181e6) Importer(815301076,1909f56bfc062723c751e8b465ee728b)
Start importing Assets/Assets_FenceChained/models/Materials/panel-1_specular.tga using Guid(eb92160a9148f754baa941186d9181e6) Importer(815301076,1909f56bfc062723c751e8b465ee728b)  -> (artifact id: '063579be6ab91fc695d434357ace49b2') in 0.018805 seconds 
  Import took 0.024743 seconds .

========================================================================
Received Import Request.
  Time since last request: 22.648172 seconds.
  path: Assets/Assets_FenceChained/prefabs
  artifactKey: Guid(6ad54e708e4333d41a9ca5d0f8c1a190) Importer(815301076,1909f56bfc062723c751e8b465ee728b)
Start importing Assets/Assets_FenceChained/prefabs using Guid(6ad54e708e4333d41a9ca5d0f8c1a190) Importer(815301076,1909f56bfc062723c751e8b465ee728b)  -> (artifact id: '37c7d8eb1ecf6d122986d27f1fc102b8') in 0.005419 seconds 
  Import took 0.010935 seconds .

========================================================================
Received Import Request.
  Time since last request: 147.686771 seconds.
  path: Assets/Barmetler
  artifactKey: Guid(d6309725dc8f8f2429bc8be73d4e35e5) Importer(815301076,1909f56bfc062723c751e8b465ee728b)
Start importing Assets/Barmetler using Guid(d6309725dc8f8f2429bc8be73d4e35e5) Importer(815301076,1909f56bfc062723c751e8b465ee728b)  -> (artifact id: 'c8a3be7c2c36c805f97c9c50898cc390') in 0.006037 seconds 
  Import took 0.011739 seconds .

========================================================================
Received Import Request.
  Time since last request: 570.823125 seconds.
  path: Assets/Barmetler/Road System/Demo/Materials/RS_Concrete_mat.mat
  artifactKey: Guid(cd76238d8b4eba3428d1ceffd767e4e8) Importer(815301076,1909f56bfc062723c751e8b465ee728b)
Start importing Assets/Barmetler/Road System/Demo/Materials/RS_Concrete_mat.mat using Guid(cd76238d8b4eba3428d1ceffd767e4e8) Importer(815301076,1909f56bfc062723c751e8b465ee728b)  -> (artifact id: '1e330d65b254b0a55b83b7902b967237') in 0.021160 seconds 
  Import took 0.027918 seconds .

========================================================================
Received Import Request.
  Time since last request: 0.000558 seconds.
  path: Assets/Barmetler/Road System/Demo/Materials/RS_Sidewalk_mat.mat
  artifactKey: Guid(052644c3ba61e3846a3457f61a32021c) Importer(815301076,1909f56bfc062723c751e8b465ee728b)
Start importing Assets/Barmetler/Road System/Demo/Materials/RS_Sidewalk_mat.mat using Guid(052644c3ba61e3846a3457f61a32021c) Importer(815301076,1909f56bfc062723c751e8b465ee728b)  -> (artifact id: '485a1669734b841d29caf46d2b372c6e') in 0.033621 seconds 
  Import took 0.039198 seconds .

========================================================================
Received Import Request.
  Time since last request: 0.000415 seconds.
  path: Assets/Barmetler/Road System/Demo/Materials/RS_Road_mat.mat
  artifactKey: Guid(1d3b3f679be0cb94dbd81a22b9fd1d40) Importer(815301076,1909f56bfc062723c751e8b465ee728b)
Start importing Assets/Barmetler/Road System/Demo/Materials/RS_Road_mat.mat using Guid(1d3b3f679be0cb94dbd81a22b9fd1d40) Importer(815301076,1909f56bfc062723c751e8b465ee728b)  -> (artifact id: '15303bd7fa2465723ad6a0d0c76ad7bf') in 0.022921 seconds 
  Import took 0.028261 seconds .

========================================================================
Received Import Request.
  Time since last request: 0.000576 seconds.
  path: Assets/Barmetler/Road System/Demo/Materials/RS_Debug_mat_scaled.mat
  artifactKey: Guid(4ab45d797586f5747a312113536e98b3) Importer(815301076,1909f56bfc062723c751e8b465ee728b)
Start importing Assets/Barmetler/Road System/Demo/Materials/RS_Debug_mat_scaled.mat using Guid(4ab45d797586f5747a312113536e98b3) Importer(815301076,1909f56bfc062723c751e8b465ee728b)  -> (artifact id: '5bfd4db1fc603889e90851a03f33272c') in 0.015456 seconds 
  Import took 0.021209 seconds .

========================================================================
Received Import Request.
  Time since last request: 0.000342 seconds.
  path: Assets/Barmetler/Road System/Demo/Materials/RS_Debug_mat.mat
  artifactKey: Guid(cd1afde334b76ad48be439450d58f1c0) Importer(815301076,1909f56bfc062723c751e8b465ee728b)
Start importing Assets/Barmetler/Road System/Demo/Materials/RS_Debug_mat.mat using Guid(cd1afde334b76ad48be439450d58f1c0) Importer(815301076,1909f56bfc062723c751e8b465ee728b)  -> (artifact id: 'da9c8e6f300c69fb78c3f4bbe84859f3') in 0.013991 seconds 
  Import took 0.019678 seconds .

========================================================================
Received Import Request.
  Time since last request: 34.036924 seconds.
  path: Assets/Barmetler/Road System/Demo/Materials
  artifactKey: Guid(16010c13a46c671438a375f2cdf997d8) Importer(815301076,1909f56bfc062723c751e8b465ee728b)
Start importing Assets/Barmetler/Road System/Demo/Materials using Guid(16010c13a46c671438a375f2cdf997d8) Importer(815301076,1909f56bfc062723c751e8b465ee728b)  -> (artifact id: 'caeca91b4620a306f0109b98aa8ef07c') in 0.004698 seconds 
  Import took 0.010099 seconds .

========================================================================
Received Import Request.
  Time since last request: 14.967978 seconds.
  path: Assets/Barmetler/Road System/Demo/Materials/SidewalkExtraTiles.mat
  artifactKey: Guid(56450ec666962d64ba6709b90ec8400b) Importer(815301076,1909f56bfc062723c751e8b465ee728b)
Start importing Assets/Barmetler/Road System/Demo/Materials/SidewalkExtraTiles.mat using Guid(56450ec666962d64ba6709b90ec8400b) Importer(815301076,1909f56bfc062723c751e8b465ee728b)  -> (artifact id: '77657671fabf59212f28ed3ed4a0af34') in 0.018015 seconds 
  Import took 0.024054 seconds .

========================================================================
Received Import Request.
  Time since last request: 144.319756 seconds.
  path: Assets/Barmetler/Road System/Demo/Materials/SidewalkExtraTiles.mat
  artifactKey: Guid(56450ec666962d64ba6709b90ec8400b) Importer(815301076,1909f56bfc062723c751e8b465ee728b)
Start importing Assets/Barmetler/Road System/Demo/Materials/SidewalkExtraTiles.mat using Guid(56450ec666962d64ba6709b90ec8400b) Importer(815301076,1909f56bfc062723c751e8b465ee728b)  -> (artifact id: '39e0eeee791a7205e8db1ab2e3ff99e3') in 0.019771 seconds 
  Import took 0.025851 seconds .

========================================================================
Received Import Request.
  Time since last request: 72244.557755 seconds.
  path: Assets/Barmetler/Road System/Demo/Materials/SidewalkExtraTiles.mat
  artifactKey: Guid(56450ec666962d64ba6709b90ec8400b) Importer(815301076,1909f56bfc062723c751e8b465ee728b)
Start importing Assets/Barmetler/Road System/Demo/Materials/SidewalkExtraTiles.mat using Guid(56450ec666962d64ba6709b90ec8400b) Importer(815301076,1909f56bfc062723c751e8b465ee728b)  -> (artifact id: '155a00d2ba2d453ab01c7de46ae6e54f') in 0.021066 seconds 
  Import took 0.027386 seconds .

========================================================================
Received Import Request.
  Time since last request: 0.009783 seconds.
  path: Assets/Barmetler/Road System/Demo/Materials/SidewalkExtraTiles.mat
  artifactKey: Guid(56450ec666962d64ba6709b90ec8400b) Importer(815301076,1909f56bfc062723c751e8b465ee728b)
Start importing Assets/Barmetler/Road System/Demo/Materials/SidewalkExtraTiles.mat using Guid(56450ec666962d64ba6709b90ec8400b) Importer(815301076,1909f56bfc062723c751e8b465ee728b)  -> (artifact id: '155a00d2ba2d453ab01c7de46ae6e54f') in 0.017110 seconds 
  Import took 0.022607 seconds .

========================================================================
Received Import Request.
  Time since last request: 329.187589 seconds.
  path: Assets/Models/CapstoneMap.fbx
  artifactKey: Guid(24078aa482dc02241a9ba6adc93a7b68) Importer(815301076,1909f56bfc062723c751e8b465ee728b)
Start importing Assets/Models/CapstoneMap.fbx using Guid(24078aa482dc02241a9ba6adc93a7b68) Importer(815301076,1909f56bfc062723c751e8b465ee728b)  -> (artifact id: '60237da6fe80cb56244f15ec64bfe67f') in 0.080269 seconds 
  Import took 0.086685 seconds .

========================================================================
Received Prepare
Registering precompiled user dll's ...
Registered in 0.007179 seconds.
Begin MonoManager ReloadAssembly
Native extension for LinuxStandalone target not found
Native extension for WindowsStandalone target not found
Native extension for OSXStandalone target not found
Native extension for WebGL target not found
Refreshing native plugins compatible for Editor in 0.94 ms, found 2 plugins.
Preloading 0 native plugins for Editor in 0.00 ms.
Mono: successfully reloaded assembly
- Completed reload, in  1.308 seconds
Domain Reload Profiling:
	ReloadAssembly (1309ms)
		BeginReloadAssembly (152ms)
			ExecutionOrderSort (0ms)
			DisableScriptedObjects (9ms)
			BackupInstance (0ms)
			ReleaseScriptingObjects (0ms)
			CreateAndSetChildDomain (46ms)
		EndReloadAssembly (1085ms)
			LoadAssemblies (120ms)
			RebuildTransferFunctionScriptingTraits (0ms)
			SetupTypeCache (366ms)
			ReleaseScriptCaches (1ms)
			RebuildScriptCaches (56ms)
			SetupLoadedEditorAssemblies (353ms)
				LogAssemblyErrors (0ms)
				InitializePlatformSupportModulesInManaged (7ms)
				SetLoadedEditorAssemblies (1ms)
				RefreshPlugins (1ms)
				BeforeProcessingInitializeOnLoad (114ms)
				ProcessInitializeOnLoadAttributes (219ms)
				ProcessInitializeOnLoadMethodAttributes (7ms)
				AfterProcessingInitializeOnLoad (3ms)
				EditorAssembliesLoaded (0ms)
			ExecutionOrderSort2 (0ms)
			AwakeInstancesAfterBackupRestoration (21ms)
Platform modules already initialized, skipping
Shader 'Universal Render Pipeline/Particles/Lit': fallback shader 'Universal Render Pipeline/Particles/SimpleLit' not found
Refreshing native plugins compatible for Editor in 0.88 ms, found 2 plugins.
Preloading 0 native plugins for Editor in 0.00 ms.
Unloading 2838 Unused Serialized files (Serialized files now loaded: 0)
System memory in use before: 211.7 MB.
System memory in use after: 211.8 MB.

Unloading 15 unused Assets to reduce memory usage. Loaded Objects now: 3527.
Total: 3.259400 ms (FindLiveObjects: 0.341300 ms CreateObjectMapping: 0.087400 ms MarkObjects: 2.701000 ms  DeleteObjects: 0.128400 ms)

AssetImportParameters requested are different than current active one (requested -> active):
  custom:framework-win-MediaFoundation: 216162199b28c13a410421893ffa2e32 -> 
  custom:video-decoder-ogg-theora: a1e56fd34408186e4bbccfd4996cb3dc -> 
  custom:container-muxer-webm: aa71ff27fc2769a1b78a27578f13a17b -> 
  custom:container-demuxer-webm: 4f35f7cbe854078d1ac9338744f61a02 -> 
  custom:container-demuxer-ogg: 62fdf1f143b41e24485cea50d1cbac27 -> 
  custom:video-encoder-webm-vp8: eb34c28f22e8b96e1ab97ce403110664 -> 
  custom:video-decoder-webm-vp8: 9c59270c3fd7afecdb556c50c9e8de78 -> 
  custom:audio-decoder-ogg-vorbis: bf7c407c2cedff20999df2af8eb42d56 -> 
  custom:audio-encoder-webm-vorbis: bf7c407c2cedff20999df2af8eb42d56 -> 
AssetImportWorkerClient::OnTransportError - code=2 error=End of file
